<?xml version="1.0" encoding="UTF-8"?>
<!-- Generated by org.testng.reporters.JUnitReportReporter -->
<testsuite name="TestNG.Right_click" tests="2" time="5.941" ignored="0" failures="0" timestamp="25 Feb 2020 09:27:53 GMT" skipped="0" hostname="PCIN480854" errors="0">
  <testcase name="f" time="5.841" classname="TestNG.Right_click"/>
  <testcase name="g" time="0.100" classname="TestNG.Right_click"/>
</testsuite> <!-- TestNG.Right_click -->
