<?xml version="1.0" encoding="UTF-8"?>
<!-- Generated by org.testng.reporters.JUnitReportReporter -->
<testsuite name="TestNG.NewTest" tests="3" time="0.010" ignored="0" failures="0" timestamp="25 Feb 2020 05:19:31 GMT" skipped="0" hostname="PCIN480854" errors="0">
  <testcase name="fa" time="0.002" classname="TestNG.NewTest"/>
  <testcase name="f" time="0.006" classname="TestNG.NewTest"/>
  <testcase name="fab" time="0.002" classname="TestNG.NewTest"/>
</testsuite> <!-- TestNG.NewTest -->
