<?xml version="1.0" encoding="UTF-8"?>
<!-- Generated by org.testng.reporters.JUnitReportReporter -->
<testsuite name="TestNG.Frames" tests="2" time="9.131" ignored="0" failures="0" timestamp="25 Feb 2020 09:13:56 GMT" skipped="0" hostname="PCIN480854" errors="0">
  <testcase name="a" time="8.840" classname="TestNG.Frames"/>
  <testcase name="b" time="0.291" classname="TestNG.Frames"/>
</testsuite> <!-- TestNG.Frames -->
