<?xml version="1.0" encoding="UTF-8"?>
<!-- Generated by org.testng.reporters.JUnitReportReporter -->
<testsuite name="TestNG.Mouse_hover" tests="2" time="1.300" ignored="0" failures="0" timestamp="25 Feb 2020 09:17:30 GMT" skipped="0" hostname="PCIN480854" errors="0">
  <testcase name="g" time="0.114" classname="TestNG.Mouse_hover"/>
  <testcase name="f" time="1.186" classname="TestNG.Mouse_hover"/>
</testsuite> <!-- TestNG.Mouse_hover -->
