<?xml version="1.0" encoding="UTF-8"?>
<!-- Generated by org.testng.reporters.JUnitReportReporter -->
<testsuite name="TestNG.BrowseCommands" tests="3" time="0.091" ignored="0" failures="0" timestamp="25 Feb 2020 07:11:41 GMT" skipped="0" hostname="PCIN480854" errors="0">
  <testcase name="b" time="0.009" classname="TestNG.BrowseCommands"/>
  <testcase name="a" time="0.021" classname="TestNG.BrowseCommands"/>
  <testcase name="c" time="0.061" classname="TestNG.BrowseCommands"/>
</testsuite> <!-- TestNG.BrowseCommands -->
