<?xml version="1.0" encoding="UTF-8"?>
<!-- Generated by org.testng.reporters.JUnitReportReporter -->
<testsuite name="TestNG.PerformSel" tests="2" time="7.462" ignored="0" failures="0" timestamp="25 Feb 2020 09:25:55 GMT" skipped="0" hostname="PCIN480854" errors="0">
  <testcase name="f" time="7.013" classname="TestNG.PerformSel"/>
  <testcase name="g" time="0.449" classname="TestNG.PerformSel"/>
</testsuite> <!-- TestNG.PerformSel -->
