<?xml version="1.0" encoding="UTF-8"?>
<!-- Generated by org.testng.reporters.JUnitReportReporter -->
<testsuite name="TestNG.Screenshot" tests="1" time="26.054" ignored="0" failures="0" timestamp="26 Feb 2020 05:25:59 GMT" skipped="0" hostname="PCIN480854" errors="0">
  <testcase name="f" time="26.054" classname="TestNG.Screenshot"/>
</testsuite> <!-- TestNG.Screenshot -->
