<?xml version="1.0" encoding="UTF-8"?>
<!-- Generated by org.testng.reporters.JUnitReportReporter -->
<testsuite name="TestNG.Sample_alert" tests="3" time="1.400" ignored="0" failures="0" timestamp="25 Feb 2020 09:53:37 GMT" skipped="0" hostname="PCIN480854" errors="0">
  <testcase name="h" time="0.100" classname="TestNG.Sample_alert"/>
  <testcase name="g" time="0.023" classname="TestNG.Sample_alert"/>
  <testcase name="f" time="1.277" classname="TestNG.Sample_alert"/>
</testsuite> <!-- TestNG.Sample_alert -->
