<?xml version="1.0" encoding="UTF-8"?>
<!-- Generated by org.testng.reporters.JUnitReportReporter -->
<testsuite name="TestNG.Navigation" tests="5" time="13.738" ignored="0" failures="0" timestamp="25 Feb 2020 09:21:01 GMT" skipped="0" hostname="PCIN480854" errors="0">
  <testcase name="c" time="1.391" classname="TestNG.Navigation"/>
  <testcase name="a" time="8.059" classname="TestNG.Navigation"/>
  <testcase name="e" time="0.943" classname="TestNG.Navigation"/>
  <testcase name="b" time="1.168" classname="TestNG.Navigation"/>
  <testcase name="d" time="2.177" classname="TestNG.Navigation"/>
</testsuite> <!-- TestNG.Navigation -->
