<?xml version="1.0" encoding="UTF-8"?>
<!-- Generated by org.testng.reporters.JUnitReportReporter -->
<testsuite name="TestNG.NewTest1" tests="1" time="0.133" ignored="0" failures="0" timestamp="25 Feb 2020 05:34:16 GMT" skipped="0" hostname="PCIN480854" errors="0">
  <testcase name="f" time="0.133" classname="TestNG.NewTest1"/>
</testsuite> <!-- TestNG.NewTest1 -->
